2019-01-16 20:47:39.478  INFO 9944 --- [restartedMain] com.spring.SpringBootApp                 : Starting SpringBootApp on MC100071845 with PID 9944 (E:\JbhuntMongo\target\classes started by spabbisetty in E:\JbhuntMongo)
2019-01-16 20:47:39.481  INFO 9944 --- [restartedMain] com.spring.SpringBootApp                 : No active profile set, falling back to default profiles: default
2019-01-16 20:47:39.551  INFO 9944 --- [restartedMain] ationConfigEmbeddedWebApplicationContext : Refreshing org.springframework.boot.context.embedded.AnnotationConfigEmbeddedWebApplicationContext@5b1e9d17: startup date [Wed Jan 16 20:47:39 IST 2019]; root of context hierarchy
2019-01-16 20:47:41.383  INFO 9944 --- [restartedMain] s.b.c.e.t.TomcatEmbeddedServletContainer : Tomcat initialized with port(s): 8900 (http)
2019-01-16 20:47:41.390  INFO 9944 --- [restartedMain] o.apache.catalina.core.StandardService   : Starting service [Tomcat]
2019-01-16 20:47:41.390  INFO 9944 --- [restartedMain] org.apache.catalina.core.StandardEngine  : Starting Servlet Engine: Apache Tomcat/8.5.16
2019-01-16 20:47:41.450  INFO 9944 --- [localhost-startStop-1] o.a.c.c.C.[Tomcat].[localhost].[/]       : Initializing Spring embedded WebApplicationContext
2019-01-16 20:47:41.450  INFO 9944 --- [localhost-startStop-1] o.s.web.context.ContextLoader            : Root WebApplicationContext: initialization completed in 1907 ms
2019-01-16 20:47:41.577  INFO 9944 --- [localhost-startStop-1] o.s.b.w.servlet.ServletRegistrationBean  : Mapping servlet: 'dispatcherServlet' to [/]
2019-01-16 20:47:41.580  INFO 9944 --- [localhost-startStop-1] o.s.b.w.servlet.FilterRegistrationBean   : Mapping filter: 'characterEncodingFilter' to: [/*]
2019-01-16 20:47:41.582  INFO 9944 --- [localhost-startStop-1] o.s.b.w.servlet.FilterRegistrationBean   : Mapping filter: 'hiddenHttpMethodFilter' to: [/*]
2019-01-16 20:47:41.582  INFO 9944 --- [localhost-startStop-1] o.s.b.w.servlet.FilterRegistrationBean   : Mapping filter: 'httpPutFormContentFilter' to: [/*]
2019-01-16 20:47:41.582  INFO 9944 --- [localhost-startStop-1] o.s.b.w.servlet.FilterRegistrationBean   : Mapping filter: 'requestContextFilter' to: [/*]
2019-01-16 20:47:41.874  INFO 9944 --- [restartedMain] s.w.s.m.m.a.RequestMappingHandlerMapping : Mapped "{[/get/{name}],methods=[GET]}" onto public org.springframework.http.ResponseEntity<com.spring.Customer> com.spring.Controller.get(java.lang.String)
2019-01-16 20:47:41.875  INFO 9944 --- [restartedMain] s.w.s.m.m.a.RequestMappingHandlerMapping : Mapped "{[/delete/{name}],methods=[DELETE]}" onto public org.springframework.http.ResponseEntity<java.lang.String> com.spring.Controller.delete(java.lang.String)
2019-01-16 20:47:41.875  INFO 9944 --- [restartedMain] s.w.s.m.m.a.RequestMappingHandlerMapping : Mapped "{[/insert],methods=[POST],consumes=[application/json],produces=[application/json]}" onto public org.springframework.http.ResponseEntity<java.lang.String> com.spring.Controller.insert(com.spring.Customer)
2019-01-16 20:47:41.876  INFO 9944 --- [restartedMain] s.w.s.m.m.a.RequestMappingHandlerMapping : Mapped "{[/showAll],methods=[GET]}" onto public org.springframework.http.ResponseEntity<com.spring.Customer> com.spring.Controller.getall()
2019-01-16 20:47:41.876  INFO 9944 --- [restartedMain] s.w.s.m.m.a.RequestMappingHandlerMapping : Mapped "{[/v2/api-docs],methods=[GET],produces=[application/json || application/hal+json]}" onto public org.springframework.http.ResponseEntity<springfox.documentation.spring.web.json.Json> springfox.documentation.swagger2.web.Swagger2Controller.getDocumentation(java.lang.String,javax.servlet.http.HttpServletRequest)
2019-01-16 20:47:41.879  INFO 9944 --- [restartedMain] s.w.s.m.m.a.RequestMappingHandlerMapping : Mapped "{[/swagger-resources/configuration/security]}" onto org.springframework.http.ResponseEntity<springfox.documentation.swagger.web.SecurityConfiguration> springfox.documentation.swagger.web.ApiResourceController.securityConfiguration()
2019-01-16 20:47:41.879  INFO 9944 --- [restartedMain] s.w.s.m.m.a.RequestMappingHandlerMapping : Mapped "{[/swagger-resources/configuration/ui]}" onto org.springframework.http.ResponseEntity<springfox.documentation.swagger.web.UiConfiguration> springfox.documentation.swagger.web.ApiResourceController.uiConfiguration()
2019-01-16 20:47:41.879  INFO 9944 --- [restartedMain] s.w.s.m.m.a.RequestMappingHandlerMapping : Mapped "{[/swagger-resources]}" onto org.springframework.http.ResponseEntity<java.util.List<springfox.documentation.swagger.web.SwaggerResource>> springfox.documentation.swagger.web.ApiResourceController.swaggerResources()
2019-01-16 20:47:41.882  INFO 9944 --- [restartedMain] s.w.s.m.m.a.RequestMappingHandlerMapping : Mapped "{[/error]}" onto public org.springframework.http.ResponseEntity<java.util.Map<java.lang.String, java.lang.Object>> org.springframework.boot.autoconfigure.web.BasicErrorController.error(javax.servlet.http.HttpServletRequest)
2019-01-16 20:47:41.883  INFO 9944 --- [restartedMain] s.w.s.m.m.a.RequestMappingHandlerMapping : Mapped "{[/error],produces=[text/html]}" onto public org.springframework.web.servlet.ModelAndView org.springframework.boot.autoconfigure.web.BasicErrorController.errorHtml(javax.servlet.http.HttpServletRequest,javax.servlet.http.HttpServletResponse)
2019-01-16 20:47:42.062  INFO 9944 --- [restartedMain] s.w.s.m.m.a.RequestMappingHandlerAdapter : Looking for @ControllerAdvice: org.springframework.boot.context.embedded.AnnotationConfigEmbeddedWebApplicationContext@5b1e9d17: startup date [Wed Jan 16 20:47:39 IST 2019]; root of context hierarchy
2019-01-16 20:47:42.096  INFO 9944 --- [restartedMain] o.s.w.s.handler.SimpleUrlHandlerMapping  : Mapped URL path [/webjars/**] onto handler of type [class org.springframework.web.servlet.resource.ResourceHttpRequestHandler]
2019-01-16 20:47:42.096  INFO 9944 --- [restartedMain] o.s.w.s.handler.SimpleUrlHandlerMapping  : Mapped URL path [/**] onto handler of type [class org.springframework.web.servlet.resource.ResourceHttpRequestHandler]
2019-01-16 20:47:42.118  INFO 9944 --- [restartedMain] o.s.w.s.handler.SimpleUrlHandlerMapping  : Mapped URL path [/**/favicon.ico] onto handler of type [class org.springframework.web.servlet.resource.ResourceHttpRequestHandler]
2019-01-16 20:47:42.256  INFO 9944 --- [restartedMain] org.mongodb.driver.cluster               : Cluster created with settings {hosts=[localhost:27017], mode=SINGLE, requiredClusterType=UNKNOWN, serverSelectionTimeout='30000 ms', maxWaitQueueSize=500}
2019-01-16 20:47:42.291  INFO 9944 --- [cluster-ClusterId{value='5c3f4b1664660526d88e70d1', description='null'}-localhost:27017] org.mongodb.driver.connection            : Opened connection [connectionId{localValue:1, serverValue:344}] to localhost:27017
2019-01-16 20:47:42.293  INFO 9944 --- [cluster-ClusterId{value='5c3f4b1664660526d88e70d1', description='null'}-localhost:27017] org.mongodb.driver.cluster               : Monitor thread successfully connected to server with description ServerDescription{address=localhost:27017, type=STANDALONE, state=CONNECTED, ok=true, version=ServerVersion{versionList=[4, 0, 3]}, minWireVersion=0, maxWireVersion=7, maxDocumentSize=16777216, roundTripTimeNanos=605145}
2019-01-16 20:47:42.415  INFO 9944 --- [restartedMain] o.s.b.d.a.OptionalLiveReloadServer       : LiveReload server is running on port 35729
2019-01-16 20:47:42.446  INFO 9944 --- [restartedMain] o.s.j.e.a.AnnotationMBeanExporter        : Registering beans for JMX exposure on startup
2019-01-16 20:47:42.451  INFO 9944 --- [restartedMain] o.s.c.support.DefaultLifecycleProcessor  : Starting beans in phase 2147483647
2019-01-16 20:47:42.451  INFO 9944 --- [restartedMain] d.s.w.p.DocumentationPluginsBootstrapper : Context refreshed
2019-01-16 20:47:42.460  INFO 9944 --- [restartedMain] d.s.w.p.DocumentationPluginsBootstrapper : Found 1 custom documentation plugin(s)
2019-01-16 20:47:42.468  INFO 9944 --- [restartedMain] s.d.s.w.s.ApiListingReferenceScanner     : Scanning for api listing references
2019-01-16 20:47:42.665  INFO 9944 --- [restartedMain] s.b.c.e.t.TomcatEmbeddedServletContainer : Tomcat started on port(s): 8900 (http)
2019-01-16 20:47:42.668  INFO 9944 --- [restartedMain] com.spring.SpringBootApp                 : Started SpringBootApp in 3.413 seconds (JVM running for 3.951)
